<?xml version="1.0" encoding="UTF-8"?>
<testng-results skipped="0" failed="0" ignored="0" total="1" passed="1">
  <reporter-output>
  </reporter-output>
  <suite name="Suite" duration-ms="26678" started-at="2019-05-17T11:07:23Z" finished-at="2019-05-17T11:07:50Z">
    <groups>
    </groups>
    <test name="Test" duration-ms="26678" started-at="2019-05-17T11:07:23Z" finished-at="2019-05-17T11:07:50Z">
      <class name="testcases.LoginTestCRM">
        <test-method status="PASS" signature="setUpSuite()[pri:0, instance:testcases.LoginTestCRM@7cd62f43]" name="setUpSuite" is-config="true" duration-ms="814" started-at="2019-05-17T07:07:22Z" finished-at="2019-05-17T07:07:23Z">
          <reporter-output>
          </reporter-output>
        </test-method> <!-- setUpSuite -->
        <test-method status="PASS" signature="setUp()[pri:0, instance:testcases.LoginTestCRM@7cd62f43]" name="setUp" is-config="true" duration-ms="15411" started-at="2019-05-17T07:07:23Z" finished-at="2019-05-17T07:07:39Z">
          <reporter-output>
          </reporter-output>
        </test-method> <!-- setUp -->
        <test-method status="PASS" signature="loginApp()[pri:0, instance:testcases.LoginTestCRM@7cd62f43]" name="loginApp" duration-ms="8342" started-at="2019-05-17T07:07:39Z" finished-at="2019-05-17T07:07:47Z">
          <reporter-output>
          </reporter-output>
        </test-method> <!-- loginApp -->
        <test-method status="PASS" signature="tearDownMethod(org.testng.ITestResult)[pri:0, instance:testcases.LoginTestCRM@7cd62f43]" name="tearDownMethod" is-config="true" duration-ms="1171" started-at="2019-05-17T07:07:47Z" finished-at="2019-05-17T07:07:48Z">
          <params>
            <param index="0">
              <value>
                <![CDATA[[TestResult name=loginApp status=SUCCESS method=LoginTestCRM.loginApp()[pri:0, instance:testcases.LoginTestCRM@7cd62f43] output={null}]]]>
              </value>
            </param>
          </params>
          <reporter-output>
          </reporter-output>
        </test-method> <!-- tearDownMethod -->
        <test-method status="PASS" signature="tearDown()[pri:0, instance:testcases.LoginTestCRM@7cd62f43]" name="tearDown" is-config="true" duration-ms="1644" started-at="2019-05-17T07:07:48Z" finished-at="2019-05-17T07:07:50Z">
          <reporter-output>
          </reporter-output>
        </test-method> <!-- tearDown -->
      </class> <!-- testcases.LoginTestCRM -->
    </test> <!-- Test -->
  </suite> <!-- Suite -->
</testng-results>
